<?xml version="1.0" encoding="UTF-8"?>
<testsuite xmlns:xsi="http://www.w3.org/2001/XMLSchema-instance" xsi:noNamespaceSchemaLocation="https://maven.apache.org/surefire/maven-surefire-plugin/xsd/surefire-test-report.xsd" version="3.0.2" name="com.globant.dojo.pms.PatientManagementSystemApplicationTests" time="0.967" tests="1" errors="0" skipped="0" failures="0">
  <properties>
[...]
</properties>
  <testcase name="contextLoads" classname="com.globant.dojo.pms.PatientManagementSystemApplicationTests" time="0.356">
    <system-out><![CDATA[16:24:23.943 [main] INFO org.springframework.test.context.support.AnnotationConfigContextLoaderUtils -- Could not detect default configuration classes for test class [com.globant.dojo.pms.PatientManagementSystemApplicationTests]: PatientManagementSystemApplicationTests does not declare any static, non-private, non-final, nested classes annotated with @Configuration.
16:24:23.988 [main] INFO org.springframework.boot.test.context.SpringBootTestContextBootstrapper -- Found @SpringBootConfiguration com.globant.dojo.pms.PatientManagementSystemApplication for test class com.globant.dojo.pms.PatientManagementSystemApplicationTests

  .   ____          _            __ _ _
 /\\ / ___'_ __ _ _(_)_ __  __ _ \ \ \ \
( ( )\___ | '_ | '_| | '_ \/ _` | \ \ \ \
 \\/  ___)| |_)| | | | | || (_| |  ) ) ) )
  '  |____| .__|_| |_|_| |_\__, | / / / /
 =========|_|==============|___/=/_/_/_/

 :: Spring Boot ::               (v3.4.12)

2025-12-10T16:24:24.126+05:30  INFO 58993 --- [PatientManagementSystem] [           main] .PatientManagementSystemApplicationTests : Starting PatientManagementSystemApplicationTests using Java 17.0.17 with PID 58993 (started by supriya.das in /Users/supriya.das/Documents/Office/Globant/Dojo/Projects/Self-Learnings/PatientManagementSystem)
2025-12-10T16:24:24.127+05:30  INFO 58993 --- [PatientManagementSystem] [           main] .PatientManagementSystemApplicationTests : No active profile set, falling back to 1 default profile: "default"
2025-12-10T16:24:24.493+05:30  INFO 58993 --- [PatientManagementSystem] [           main] .PatientManagementSystemApplicationTests : Started PatientManagementSystemApplicationTests in 0.457 seconds (process running for 0.81)
]]></system-out>
  </testcase>
</testsuite>